<?xml version="1.0" encoding="UTF-8"?>
<!-- Generated by org.testng.reporters.JUnitReportReporter -->
<testsuite hostname="BCD-LAPTOP-015" failures="0" tests="1" name="testAutomation.SauceDemoTest" time="1.956" errors="0" timestamp="2021-09-21T14:47:51 CST" skipped="0">
  <testcase classname="testAutomation.SauceDemoTest" name="sauceDemoTesting" time="1.956"/>
  <system-out/>
</testsuite> <!-- testAutomation.SauceDemoTest -->
